2023-05-17 16:05:602 INFO  ManageBrowser :28 - Opening browser Chrome 
2023-05-17 16:05:749 INFO  ManageBrowser :28 - Opening browser Chrome 
2023-05-17 16:05:408 INFO  ManageBrowser :28 - Opening browser Chrome 
2023-05-17 16:05:965 INFO  ManageBrowser :28 - Opening browser Chrome 
2023-05-17 16:05:07 INFO  HomePage :68 - Enter Job titleTester[[ChromeDriver: chrome on WINDOWS (a81494e2c38f544492557cb50bcaa96c)] -> id: keywords]
2023-05-17 16:05:174 INFO  HomePage :72 - Location Harrow,Greater London[[ChromeDriver: chrome on WINDOWS (a81494e2c38f544492557cb50bcaa96c)] -> id: location]
2023-05-17 16:05:855 INFO  HomePage :76 - Select from Drop down menu5 miles[[ChromeDriver: chrome on WINDOWS (a81494e2c38f544492557cb50bcaa96c)] -> xpath: //select[@id='distance']]
2023-05-17 16:05:309 INFO  HomePage :80 - Click on [[ChromeDriver: chrome on WINDOWS (a81494e2c38f544492557cb50bcaa96c)] -> xpath: //button[@id='toggle-hp-search']]
2023-05-17 16:05:733 INFO  HomePage :84 - Minimum salary 30000[[ChromeDriver: chrome on WINDOWS (a81494e2c38f544492557cb50bcaa96c)] -> xpath: //input[@id='salarymin']]
2023-05-17 16:05:824 INFO  HomePage :88 -  Maximum Salary select 50000[[ChromeDriver: chrome on WINDOWS (a81494e2c38f544492557cb50bcaa96c)] -> xpath: //input[@id='salarymax']]
2023-05-17 16:05:961 INFO  HomePage :92 -  Select text Per annum[[ChromeDriver: chrome on WINDOWS (a81494e2c38f544492557cb50bcaa96c)] -> xpath: //select[@id='salarytype']]
2023-05-17 16:05:83 INFO  HomePage :96 -  Select Permanent[[ChromeDriver: chrome on WINDOWS (a81494e2c38f544492557cb50bcaa96c)] -> xpath: //select[@class='hp-jobtype form__select']]
2023-05-17 16:05:265 INFO  HomePage :100 -  Find the job [[ChromeDriver: chrome on WINDOWS (a81494e2c38f544492557cb50bcaa96c)] -> xpath: //input[@id='hp-search-btn']]
2023-05-17 16:05:74 INFO  ResultPage :24 -  Verify result text[[ChromeDriver: chrome on WINDOWS (a81494e2c38f544492557cb50bcaa96c)] -> xpath: //h1[@class='search-header__title']]
2023-05-17 16:05:333 INFO  ManageBrowser :28 - Opening browser Chrome 
2023-05-17 16:05:347 INFO  ManageBrowser :28 - Opening browser Chrome 
2023-05-17 16:05:429 INFO  HomePage :68 - Enter Job titleBusiness analyst[[ChromeDriver: chrome on WINDOWS (b93bad3afab637c63f152353b7b53009)] -> id: keywords]
2023-05-17 16:05:518 INFO  HomePage :72 - Location Birmingham[[ChromeDriver: chrome on WINDOWS (b93bad3afab637c63f152353b7b53009)] -> id: location]
2023-05-17 16:05:14 INFO  HomePage :76 - Select from Drop down menu5 miles[[ChromeDriver: chrome on WINDOWS (b93bad3afab637c63f152353b7b53009)] -> xpath: //select[@id='distance']]
2023-05-17 16:05:132 INFO  HomePage :80 - Click on [[ChromeDriver: chrome on WINDOWS (b93bad3afab637c63f152353b7b53009)] -> xpath: //button[@id='toggle-hp-search']]
2023-05-17 16:05:331 INFO  HomePage :84 - Minimum salary 20[[ChromeDriver: chrome on WINDOWS (b93bad3afab637c63f152353b7b53009)] -> xpath: //input[@id='salarymin']]
2023-05-17 16:05:403 INFO  HomePage :88 -  Maximum Salary select 50[[ChromeDriver: chrome on WINDOWS (b93bad3afab637c63f152353b7b53009)] -> xpath: //input[@id='salarymax']]
2023-05-17 16:05:528 INFO  HomePage :92 -  Select text Per hour[[ChromeDriver: chrome on WINDOWS (b93bad3afab637c63f152353b7b53009)] -> xpath: //select[@id='salarytype']]
2023-05-17 16:05:638 INFO  HomePage :96 -  Select Temporary[[ChromeDriver: chrome on WINDOWS (b93bad3afab637c63f152353b7b53009)] -> xpath: //select[@class='hp-jobtype form__select']]
2023-05-17 16:05:838 INFO  HomePage :100 -  Find the job [[ChromeDriver: chrome on WINDOWS (b93bad3afab637c63f152353b7b53009)] -> xpath: //input[@id='hp-search-btn']]
2023-05-17 16:05:561 INFO  ResultPage :24 -  Verify result text[[ChromeDriver: chrome on WINDOWS (b93bad3afab637c63f152353b7b53009)] -> xpath: //h1[@class='search-header__title']]
2023-05-17 16:05:903 INFO  ManageBrowser :28 - Opening browser Chrome 
2023-05-17 16:05:834 INFO  HomePage :68 - Enter Job titleQuality Assurance[[ChromeDriver: chrome on WINDOWS (f519b61e75b35beaa83c9a43618957d7)] -> id: keywords]
2023-05-17 16:05:935 INFO  HomePage :72 - Location United Kingdom[[ChromeDriver: chrome on WINDOWS (f519b61e75b35beaa83c9a43618957d7)] -> id: location]
2023-05-17 16:05:63 INFO  HomePage :76 - Select from Drop down menu75 miles[[ChromeDriver: chrome on WINDOWS (f519b61e75b35beaa83c9a43618957d7)] -> xpath: //select[@id='distance']]
2023-05-17 16:05:186 INFO  HomePage :80 - Click on [[ChromeDriver: chrome on WINDOWS (f519b61e75b35beaa83c9a43618957d7)] -> xpath: //button[@id='toggle-hp-search']]
2023-05-17 16:05:272 INFO  HomePage :84 - Minimum salary 2000[[ChromeDriver: chrome on WINDOWS (f519b61e75b35beaa83c9a43618957d7)] -> xpath: //input[@id='salarymin']]
2023-05-17 16:05:347 INFO  HomePage :88 -  Maximum Salary select 6000[[ChromeDriver: chrome on WINDOWS (f519b61e75b35beaa83c9a43618957d7)] -> xpath: //input[@id='salarymax']]
2023-05-17 16:05:435 INFO  HomePage :92 -  Select text Per month[[ChromeDriver: chrome on WINDOWS (f519b61e75b35beaa83c9a43618957d7)] -> xpath: //select[@id='salarytype']]
2023-05-17 16:05:529 INFO  HomePage :96 -  Select Permanent[[ChromeDriver: chrome on WINDOWS (f519b61e75b35beaa83c9a43618957d7)] -> xpath: //select[@class='hp-jobtype form__select']]
2023-05-17 16:05:626 INFO  HomePage :100 -  Find the job [[ChromeDriver: chrome on WINDOWS (f519b61e75b35beaa83c9a43618957d7)] -> xpath: //input[@id='hp-search-btn']]
2023-05-17 16:05:236 INFO  ResultPage :24 -  Verify result text[[ChromeDriver: chrome on WINDOWS (f519b61e75b35beaa83c9a43618957d7)] -> xpath: //h1[@class='search-header__title']]
2023-05-17 16:05:543 INFO  ManageBrowser :28 - Opening browser Chrome 
2023-05-17 16:05:457 INFO  HomePage :68 - Enter Job titleScrum Master[[ChromeDriver: chrome on WINDOWS (904fa43c4141ffac34a6526fd1ba4234)] -> id: keywords]
2023-05-17 16:05:598 INFO  HomePage :72 - Location London[[ChromeDriver: chrome on WINDOWS (904fa43c4141ffac34a6526fd1ba4234)] -> id: location]
2023-05-17 16:05:764 INFO  HomePage :76 - Select from Drop down menu7 miles[[ChromeDriver: chrome on WINDOWS (904fa43c4141ffac34a6526fd1ba4234)] -> xpath: //select[@id='distance']]
2023-05-17 16:05:347 INFO  HomePage :80 - Click on [[ChromeDriver: chrome on WINDOWS (904fa43c4141ffac34a6526fd1ba4234)] -> xpath: //button[@id='toggle-hp-search']]
2023-05-17 16:05:543 INFO  HomePage :84 - Minimum salary 45000[[ChromeDriver: chrome on WINDOWS (904fa43c4141ffac34a6526fd1ba4234)] -> xpath: //input[@id='salarymin']]
2023-05-17 16:05:647 INFO  HomePage :88 -  Maximum Salary select 60000[[ChromeDriver: chrome on WINDOWS (904fa43c4141ffac34a6526fd1ba4234)] -> xpath: //input[@id='salarymax']]
2023-05-17 16:05:744 INFO  HomePage :92 -  Select text Per annum[[ChromeDriver: chrome on WINDOWS (904fa43c4141ffac34a6526fd1ba4234)] -> xpath: //select[@id='salarytype']]
2023-05-17 16:05:842 INFO  HomePage :96 -  Select Permanent[[ChromeDriver: chrome on WINDOWS (904fa43c4141ffac34a6526fd1ba4234)] -> xpath: //select[@class='hp-jobtype form__select']]
2023-05-17 16:05:966 INFO  HomePage :100 -  Find the job [[ChromeDriver: chrome on WINDOWS (904fa43c4141ffac34a6526fd1ba4234)] -> xpath: //input[@id='hp-search-btn']]
2023-05-17 16:05:46 INFO  ResultPage :24 -  Verify result text[[ChromeDriver: chrome on WINDOWS (904fa43c4141ffac34a6526fd1ba4234)] -> xpath: //h1[@class='search-header__title']]
2023-05-17 16:05:71 INFO  ManageBrowser :28 - Opening browser Chrome 
2023-05-17 16:05:842 INFO  HomePage :68 - Enter Job titleTester[[ChromeDriver: chrome on WINDOWS (21b9610a360ff2be65875a705d621153)] -> id: keywords]
2023-05-17 16:05:924 INFO  HomePage :72 - Location Manchester[[ChromeDriver: chrome on WINDOWS (21b9610a360ff2be65875a705d621153)] -> id: location]
2023-05-17 16:05:121 INFO  HomePage :76 - Select from Drop down menu25 miles[[ChromeDriver: chrome on WINDOWS (21b9610a360ff2be65875a705d621153)] -> xpath: //select[@id='distance']]
2023-05-17 16:05:193 INFO  HomePage :80 - Click on [[ChromeDriver: chrome on WINDOWS (21b9610a360ff2be65875a705d621153)] -> xpath: //button[@id='toggle-hp-search']]
2023-05-17 16:05:267 INFO  HomePage :84 - Minimum salary 2000[[ChromeDriver: chrome on WINDOWS (21b9610a360ff2be65875a705d621153)] -> xpath: //input[@id='salarymin']]
2023-05-17 16:05:338 INFO  HomePage :88 -  Maximum Salary select 5000[[ChromeDriver: chrome on WINDOWS (21b9610a360ff2be65875a705d621153)] -> xpath: //input[@id='salarymax']]
2023-05-17 16:05:422 INFO  HomePage :92 -  Select text Per month[[ChromeDriver: chrome on WINDOWS (21b9610a360ff2be65875a705d621153)] -> xpath: //select[@id='salarytype']]
2023-05-17 16:05:506 INFO  HomePage :96 -  Select Contract[[ChromeDriver: chrome on WINDOWS (21b9610a360ff2be65875a705d621153)] -> xpath: //select[@class='hp-jobtype form__select']]
2023-05-17 16:05:611 INFO  HomePage :100 -  Find the job [[ChromeDriver: chrome on WINDOWS (21b9610a360ff2be65875a705d621153)] -> xpath: //input[@id='hp-search-btn']]
2023-05-17 16:05:442 INFO  ResultPage :24 -  Verify result text[[ChromeDriver: chrome on WINDOWS (21b9610a360ff2be65875a705d621153)] -> xpath: //h1[@class='search-header__title']]
2023-05-17 16:05:702 INFO  ManageBrowser :28 - Opening browser Chrome 
2023-05-17 16:05:382 INFO  HomePage :68 - Enter Job titleTester[[ChromeDriver: chrome on WINDOWS (51278123a895ec408ac5f54e673f4f95)] -> id: keywords]
2023-05-17 16:05:501 INFO  HomePage :72 - Location Harrow,Greater London[[ChromeDriver: chrome on WINDOWS (51278123a895ec408ac5f54e673f4f95)] -> id: location]
2023-05-17 16:05:691 INFO  HomePage :76 - Select from Drop down menu5 miles[[ChromeDriver: chrome on WINDOWS (51278123a895ec408ac5f54e673f4f95)] -> xpath: //select[@id='distance']]
2023-05-17 16:05:125 INFO  HomePage :80 - Click on [[ChromeDriver: chrome on WINDOWS (51278123a895ec408ac5f54e673f4f95)] -> xpath: //button[@id='toggle-hp-search']]
2023-05-17 16:05:243 INFO  HomePage :84 - Minimum salary 30000[[ChromeDriver: chrome on WINDOWS (51278123a895ec408ac5f54e673f4f95)] -> xpath: //input[@id='salarymin']]
2023-05-17 16:05:316 INFO  HomePage :88 -  Maximum Salary select 50000[[ChromeDriver: chrome on WINDOWS (51278123a895ec408ac5f54e673f4f95)] -> xpath: //input[@id='salarymax']]
2023-05-17 16:05:421 INFO  HomePage :92 -  Select text Per annum[[ChromeDriver: chrome on WINDOWS (51278123a895ec408ac5f54e673f4f95)] -> xpath: //select[@id='salarytype']]
2023-05-17 16:05:516 INFO  HomePage :96 -  Select Permanent[[ChromeDriver: chrome on WINDOWS (51278123a895ec408ac5f54e673f4f95)] -> xpath: //select[@class='hp-jobtype form__select']]
2023-05-17 16:05:630 INFO  HomePage :100 -  Find the job [[ChromeDriver: chrome on WINDOWS (51278123a895ec408ac5f54e673f4f95)] -> xpath: //input[@id='hp-search-btn']]
2023-05-17 16:05:775 INFO  ResultPage :24 -  Verify result text[[ChromeDriver: chrome on WINDOWS (51278123a895ec408ac5f54e673f4f95)] -> xpath: //h1[@class='search-header__title']]
2023-05-17 16:05:847 INFO  ManageBrowser :28 - Opening browser Chrome 
2023-05-17 16:05:355 INFO  HomePage :68 - Enter Job titleTest manager[[ChromeDriver: chrome on WINDOWS (d7ab106956ae9c6b910cdb6f4090652a)] -> id: keywords]
2023-05-17 16:05:461 INFO  HomePage :72 - Location London[[ChromeDriver: chrome on WINDOWS (d7ab106956ae9c6b910cdb6f4090652a)] -> id: location]
2023-05-17 16:05:607 INFO  HomePage :76 - Select from Drop down menu50 miles[[ChromeDriver: chrome on WINDOWS (d7ab106956ae9c6b910cdb6f4090652a)] -> xpath: //select[@id='distance']]
2023-05-17 16:05:712 INFO  HomePage :80 - Click on [[ChromeDriver: chrome on WINDOWS (d7ab106956ae9c6b910cdb6f4090652a)] -> xpath: //button[@id='toggle-hp-search']]
2023-05-17 16:05:788 INFO  HomePage :84 - Minimum salary 3000[[ChromeDriver: chrome on WINDOWS (d7ab106956ae9c6b910cdb6f4090652a)] -> xpath: //input[@id='salarymin']]
2023-05-17 16:05:875 INFO  HomePage :88 -  Maximum Salary select 5000[[ChromeDriver: chrome on WINDOWS (d7ab106956ae9c6b910cdb6f4090652a)] -> xpath: //input[@id='salarymax']]
2023-05-17 16:05:89 INFO  HomePage :92 -  Select text Per month[[ChromeDriver: chrome on WINDOWS (d7ab106956ae9c6b910cdb6f4090652a)] -> xpath: //select[@id='salarytype']]
2023-05-17 16:05:89 INFO  HomePage :96 -  Select Contract[[ChromeDriver: chrome on WINDOWS (d7ab106956ae9c6b910cdb6f4090652a)] -> xpath: //select[@class='hp-jobtype form__select']]
2023-05-17 16:05:217 INFO  HomePage :100 -  Find the job [[ChromeDriver: chrome on WINDOWS (d7ab106956ae9c6b910cdb6f4090652a)] -> xpath: //input[@id='hp-search-btn']]
2023-05-17 16:05:428 INFO  ResultPage :24 -  Verify result text[[ChromeDriver: chrome on WINDOWS (d7ab106956ae9c6b910cdb6f4090652a)] -> xpath: //h1[@class='search-header__title']]
2023-05-17 16:05:957 INFO  ManageBrowser :28 - Opening browser Chrome 
2023-05-17 16:05:776 INFO  HomePage :68 - Enter Job titleBusiness analyst[[ChromeDriver: chrome on WINDOWS (e4f2f8bc714340e6ca444ea9555f54cb)] -> id: keywords]
2023-05-17 16:05:896 INFO  HomePage :72 - Location Birmingham[[ChromeDriver: chrome on WINDOWS (e4f2f8bc714340e6ca444ea9555f54cb)] -> id: location]
2023-05-17 16:05:44 INFO  HomePage :76 - Select from Drop down menu5 miles[[ChromeDriver: chrome on WINDOWS (e4f2f8bc714340e6ca444ea9555f54cb)] -> xpath: //select[@id='distance']]
2023-05-17 16:05:240 INFO  HomePage :80 - Click on [[ChromeDriver: chrome on WINDOWS (e4f2f8bc714340e6ca444ea9555f54cb)] -> xpath: //button[@id='toggle-hp-search']]
2023-05-17 16:05:783 INFO  HomePage :84 - Minimum salary 20[[ChromeDriver: chrome on WINDOWS (e4f2f8bc714340e6ca444ea9555f54cb)] -> xpath: //input[@id='salarymin']]
2023-05-17 16:05:911 INFO  HomePage :88 -  Maximum Salary select 50[[ChromeDriver: chrome on WINDOWS (e4f2f8bc714340e6ca444ea9555f54cb)] -> xpath: //input[@id='salarymax']]
2023-05-17 16:05:04 INFO  HomePage :92 -  Select text Per hour[[ChromeDriver: chrome on WINDOWS (e4f2f8bc714340e6ca444ea9555f54cb)] -> xpath: //select[@id='salarytype']]
2023-05-17 16:05:92 INFO  HomePage :96 -  Select Temporary[[ChromeDriver: chrome on WINDOWS (e4f2f8bc714340e6ca444ea9555f54cb)] -> xpath: //select[@class='hp-jobtype form__select']]
2023-05-17 16:05:293 INFO  HomePage :100 -  Find the job [[ChromeDriver: chrome on WINDOWS (e4f2f8bc714340e6ca444ea9555f54cb)] -> xpath: //input[@id='hp-search-btn']]
2023-05-17 16:05:653 INFO  ResultPage :24 -  Verify result text[[ChromeDriver: chrome on WINDOWS (e4f2f8bc714340e6ca444ea9555f54cb)] -> xpath: //h1[@class='search-header__title']]
2023-05-17 16:05:720 INFO  ManageBrowser :28 - Opening browser Chrome 
2023-05-17 16:05:774 INFO  HomePage :68 - Enter Job titleQuality Assurance[[ChromeDriver: chrome on WINDOWS (0199d908e0efa048925a0c994c161ce2)] -> id: keywords]
2023-05-17 16:05:877 INFO  HomePage :72 - Location United Kingdom[[ChromeDriver: chrome on WINDOWS (0199d908e0efa048925a0c994c161ce2)] -> id: location]
2023-05-17 16:05:992 INFO  HomePage :76 - Select from Drop down menu75 miles[[ChromeDriver: chrome on WINDOWS (0199d908e0efa048925a0c994c161ce2)] -> xpath: //select[@id='distance']]
2023-05-17 16:05:298 INFO  HomePage :80 - Click on [[ChromeDriver: chrome on WINDOWS (0199d908e0efa048925a0c994c161ce2)] -> xpath: //button[@id='toggle-hp-search']]
2023-05-17 16:05:372 INFO  HomePage :84 - Minimum salary 2000[[ChromeDriver: chrome on WINDOWS (0199d908e0efa048925a0c994c161ce2)] -> xpath: //input[@id='salarymin']]
2023-05-17 16:05:452 INFO  HomePage :88 -  Maximum Salary select 6000[[ChromeDriver: chrome on WINDOWS (0199d908e0efa048925a0c994c161ce2)] -> xpath: //input[@id='salarymax']]
2023-05-17 16:05:560 INFO  HomePage :92 -  Select text Per month[[ChromeDriver: chrome on WINDOWS (0199d908e0efa048925a0c994c161ce2)] -> xpath: //select[@id='salarytype']]
2023-05-17 16:05:661 INFO  HomePage :96 -  Select Permanent[[ChromeDriver: chrome on WINDOWS (0199d908e0efa048925a0c994c161ce2)] -> xpath: //select[@class='hp-jobtype form__select']]
2023-05-17 16:05:757 INFO  HomePage :100 -  Find the job [[ChromeDriver: chrome on WINDOWS (0199d908e0efa048925a0c994c161ce2)] -> xpath: //input[@id='hp-search-btn']]
2023-05-17 16:05:882 INFO  ResultPage :24 -  Verify result text[[ChromeDriver: chrome on WINDOWS (0199d908e0efa048925a0c994c161ce2)] -> xpath: //h1[@class='search-header__title']]
2023-05-17 16:05:956 INFO  ManageBrowser :28 - Opening browser Chrome 
2023-05-17 16:05:692 INFO  HomePage :68 - Enter Job titleScrum Master[[ChromeDriver: chrome on WINDOWS (d759d0cf0b82dec5f82ee73f30ce09d3)] -> id: keywords]
2023-05-17 16:05:816 INFO  HomePage :72 - Location London[[ChromeDriver: chrome on WINDOWS (d759d0cf0b82dec5f82ee73f30ce09d3)] -> id: location]
2023-05-17 16:05:940 INFO  HomePage :76 - Select from Drop down menu7 miles[[ChromeDriver: chrome on WINDOWS (d759d0cf0b82dec5f82ee73f30ce09d3)] -> xpath: //select[@id='distance']]
2023-05-17 16:05:51 INFO  HomePage :80 - Click on [[ChromeDriver: chrome on WINDOWS (d759d0cf0b82dec5f82ee73f30ce09d3)] -> xpath: //button[@id='toggle-hp-search']]
2023-05-17 16:05:126 INFO  HomePage :84 - Minimum salary 45000[[ChromeDriver: chrome on WINDOWS (d759d0cf0b82dec5f82ee73f30ce09d3)] -> xpath: //input[@id='salarymin']]
2023-05-17 16:05:202 INFO  HomePage :88 -  Maximum Salary select 60000[[ChromeDriver: chrome on WINDOWS (d759d0cf0b82dec5f82ee73f30ce09d3)] -> xpath: //input[@id='salarymax']]
2023-05-17 16:05:617 INFO  HomePage :92 -  Select text Per annum[[ChromeDriver: chrome on WINDOWS (d759d0cf0b82dec5f82ee73f30ce09d3)] -> xpath: //select[@id='salarytype']]
2023-05-17 16:05:717 INFO  HomePage :96 -  Select Permanent[[ChromeDriver: chrome on WINDOWS (d759d0cf0b82dec5f82ee73f30ce09d3)] -> xpath: //select[@class='hp-jobtype form__select']]
2023-05-17 16:05:858 INFO  HomePage :100 -  Find the job [[ChromeDriver: chrome on WINDOWS (d759d0cf0b82dec5f82ee73f30ce09d3)] -> xpath: //input[@id='hp-search-btn']]
2023-05-17 16:05:532 INFO  ResultPage :24 -  Verify result text[[ChromeDriver: chrome on WINDOWS (d759d0cf0b82dec5f82ee73f30ce09d3)] -> xpath: //h1[@class='search-header__title']]
2023-05-17 16:05:299 INFO  ManageBrowser :28 - Opening browser Chrome 
2023-05-17 16:05:855 INFO  HomePage :68 - Enter Job titleTester[[ChromeDriver: chrome on WINDOWS (7649d7cd0109724d7b742746f5c5556e)] -> id: keywords]
2023-05-17 16:05:991 INFO  HomePage :72 - Location Manchester[[ChromeDriver: chrome on WINDOWS (7649d7cd0109724d7b742746f5c5556e)] -> id: location]
2023-05-17 16:05:133 INFO  HomePage :76 - Select from Drop down menu25 miles[[ChromeDriver: chrome on WINDOWS (7649d7cd0109724d7b742746f5c5556e)] -> xpath: //select[@id='distance']]
2023-05-17 16:05:324 INFO  HomePage :80 - Click on [[ChromeDriver: chrome on WINDOWS (7649d7cd0109724d7b742746f5c5556e)] -> xpath: //button[@id='toggle-hp-search']]
2023-05-17 16:05:410 INFO  HomePage :84 - Minimum salary 2000[[ChromeDriver: chrome on WINDOWS (7649d7cd0109724d7b742746f5c5556e)] -> xpath: //input[@id='salarymin']]
2023-05-17 16:05:811 INFO  HomePage :88 -  Maximum Salary select 5000[[ChromeDriver: chrome on WINDOWS (7649d7cd0109724d7b742746f5c5556e)] -> xpath: //input[@id='salarymax']]
2023-05-17 16:05:910 INFO  HomePage :92 -  Select text Per month[[ChromeDriver: chrome on WINDOWS (7649d7cd0109724d7b742746f5c5556e)] -> xpath: //select[@id='salarytype']]
2023-05-17 16:05:13 INFO  HomePage :96 -  Select Contract[[ChromeDriver: chrome on WINDOWS (7649d7cd0109724d7b742746f5c5556e)] -> xpath: //select[@class='hp-jobtype form__select']]
2023-05-17 16:05:139 INFO  HomePage :100 -  Find the job [[ChromeDriver: chrome on WINDOWS (7649d7cd0109724d7b742746f5c5556e)] -> xpath: //input[@id='hp-search-btn']]
2023-05-17 16:05:222 INFO  ResultPage :24 -  Verify result text[[ChromeDriver: chrome on WINDOWS (7649d7cd0109724d7b742746f5c5556e)] -> xpath: //h1[@class='search-header__title']]
